<?xml version="1.0" encoding="UTF-8"?>
<!-- Generated by org.testng.reporters.JUnitReportReporter -->
<testsuite hostname="TLBLRT10358L" failures="0" tests="1" name="Test.day2" time="0.008" errors="0" timestamp="2023-05-05T11:55:25 IST" skipped="0">
  <testcase classname="Test.day2" name="demo3" time="0.008"/>
  <system-out/>
</testsuite> <!-- Test.day2 -->
