<?xml version="1.0" encoding="UTF-8"?>
<!-- Generated by org.testng.reporters.JUnitReportReporter -->
<testsuite hostname="TLBLRT10358L" failures="0" tests="1" name="Test.day" time="0.001" errors="0" timestamp="2023-05-05T11:55:25 IST" skipped="0">
  <testcase classname="Test.day" name="demo2" time="0.001"/>
  <system-out/>
</testsuite> <!-- Test.day -->
