<?xml version="1.0" encoding="UTF-8"?>
<!-- Generated by org.testng.reporters.JUnitReportReporter -->
<testsuite hostname="TLBLRT10358L" failures="0" tests="2" name="Test.day3" time="0.001" errors="0" timestamp="2023-05-05T11:55:25 IST" skipped="0">
  <testcase classname="Test.day3" name="LoginCarLoan" time="0.000"/>
  <system-out/>
  <testcase classname="Test.day3" name="APILoginCarloan" time="0.001"/>
  <system-out/>
</testsuite> <!-- Test.day3 -->
