<?xml version="1.0" encoding="UTF-8"?>
<!-- Generated by org.testng.reporters.JUnitReportReporter -->
<testsuite hostname="TLBLRT10358L" failures="0" tests="3" name="Test.day4" time="0.002" errors="0" timestamp="2023-05-05T11:55:25 IST" skipped="0">
  <testcase classname="Test.day4" name="APILoginHomeloan" time="0.001"/>
  <system-out/>
  <testcase classname="Test.day4" name="MobileLoginHomeloan" time="0.001"/>
  <system-out/>
  <testcase classname="Test.day4" name="LoginHomeLoan" time="0.000"/>
  <system-out/>
</testsuite> <!-- Test.day4 -->
